\BOOKMARK [0][-]{lop.0}{List of papers}{}% 1
\BOOKMARK [0][-]{chapter.1}{1 Introduction}{}% 2
\BOOKMARK [-1][-]{part.1}{Part I: Supersymmetric gauge theories }{}% 3
\BOOKMARK [0][-]{chapter.2}{2 Localization}{part.1}% 4
\BOOKMARK [1][-]{section.2.1}{2.1 Supersymmetric localization}{chapter.2}% 5
\BOOKMARK [1][-]{section.2.2}{2.2 A toy example}{chapter.2}% 6
\BOOKMARK [0][-]{chapter.3}{3 N = 4 SYM}{part.1}% 7
\BOOKMARK [1][-]{section.3.1}{3.1 Action on R4}{chapter.3}% 8
\BOOKMARK [1][-]{section.3.2}{3.2 Action on S4}{chapter.3}% 9
\BOOKMARK [0][-]{chapter.4}{4 N = 2* SYM}{part.1}% 10
\BOOKMARK [1][-]{section.4.1}{4.1 Partition function}{chapter.4}% 11
\BOOKMARK [1][-]{section.4.2}{4.2 Large-N matrix model}{chapter.4}% 12
\BOOKMARK [0][-]{chapter.5}{5 Wilson loops}{part.1}% 13
\BOOKMARK [1][-]{section.5.1}{5.1 Wilson loops in N=4 SYM}{chapter.5}% 14
\BOOKMARK [2][-]{subsection.5.1.1}{5.1.1 Fundamental representation}{section.5.1}% 15
\BOOKMARK [2][-]{subsection.5.1.2}{5.1.2 Higher rank representations}{section.5.1}% 16
\BOOKMARK [1][-]{section.5.2}{5.2 Wilson loops in N=2* SYM}{chapter.5}% 17
\BOOKMARK [2][-]{subsection.5.2.1}{5.2.1 Fundamental representation}{section.5.2}% 18
\BOOKMARK [2][-]{subsection.5.2.2}{5.2.2 Symmetric and antisymmetric representations}{section.5.2}% 19
\BOOKMARK [-1][-]{part.2}{Part II: Gauge/string duality}{}% 20
\BOOKMARK [0][-]{chapter.6}{6 Supergravity }{part.2}% 21
\BOOKMARK [1][-]{section.6.1}{6.1 AdS5 S5}{chapter.6}% 22
\BOOKMARK [1][-]{section.6.2}{6.2 D-branes}{chapter.6}% 23
\BOOKMARK [1][-]{section.6.3}{6.3 Pilch-Warner geometry}{chapter.6}% 24
\BOOKMARK [0][-]{chapter.7}{7 AdS/CFT correspondence}{part.2}% 25
\BOOKMARK [1][-]{section.7.1}{7.1 N D3-branes}{chapter.7}% 26
\BOOKMARK [0][-]{chapter.8}{8 Holographic Wilson loops}{part.2}% 27
\BOOKMARK [1][-]{section.8.1}{8.1 In the AdS5 S5 background}{chapter.8}% 28
\BOOKMARK [2][-]{subsection.8.1.1}{8.1.1 Fundamental representation}{section.8.1}% 29
\BOOKMARK [2][-]{subsection.8.1.2}{8.1.2 Higher rank representations}{section.8.1}% 30
\BOOKMARK [1][-]{section.8.2}{8.2 In Pilch-Warner background}{chapter.8}% 31
\BOOKMARK [2][-]{subsection.8.2.1}{8.2.1 Fundamental representation}{section.8.2}% 32
\BOOKMARK [2][-]{subsection.8.2.2}{8.2.2 Symmetric representation}{section.8.2}% 33
\BOOKMARK [0][-]{chapter.9}{9 Conclusions}{part.2}% 34
\BOOKMARK [0][-]{chapter.10}{10 Sammanfattning}{part.2}% 35
\BOOKMARK [0][-]{chapter.11}{11 Acknowledgement}{part.2}% 36
\BOOKMARK [-1][-]{section*.4}{References}{}% 37
